# RISC-V Instruction Trace
# Generated from ELF file
# Address       Instruction   Disassembly
# ---------------------------------------
0x0000000080000000: 00001117   AUIPC
0x0000000080000004: 05010113   OP-IMM
0x0000000080000008: 004000ef   JAL
0x000000008000000c: ff010113   OP-IMM
0x0000000080000010: 00113423   STORE
0x0000000080000014: 008000ef   JAL
0x0000000080000018: 00100073   SYSTEM
0x000000008000001c: ff010113   OP-IMM
0x0000000080000020: 00112623   STORE
0x0000000080000024: 00000317   AUIPC
0x0000000080000028: 02430313   OP-IMM
0x000000008000002c: 00032303   LOAD
0x0000000080000030: 00100493   OP-IMM
0x0000000080000034: 009303b3   OP
0x0000000080000038: 00038513   OP-IMM
0x000000008000003c: 00c12083   LOAD
0x0000000080000040: 01010113   OP-IMM
0x0000000080000044: 00008067   JALR
